<?xml version="1.0" encoding="UTF-8"?>
<!-- Generated by org.testng.reporters.JUnitReportReporter -->
<testsuite hostname="bhrath-PC" name="com.checking.com.demoo.Add_creationTest" tests="2" failures="0" timestamp="30 Jul 2017 07:40:10 GMT" time="8.327" errors="0">
  <testcase name="clickadsLink" time="1.897" classname="com.checking.com.demoo.Add_creationTest"/>
  <testcase name="enterData" time="6.430" classname="com.checking.com.demoo.Add_creationTest"/>
</testsuite> <!-- com.checking.com.demoo.Add_creationTest -->
