<?xml version="1.0" encoding="UTF-8"?>
<!-- Generated by org.testng.reporters.JUnitReportReporter -->
<testsuite hostname="bhrath-PC" name="com.checking.com.demoo.DemoTest" tests="2" failures="0" timestamp="30 Jul 2017 07:40:10 GMT" time="22.729" errors="0">
  <testcase name="launch" time="11.948" classname="com.checking.com.demoo.DemoTest"/>
  <testcase name="login" time="10.781" classname="com.checking.com.demoo.DemoTest"/>
</testsuite> <!-- com.checking.com.demoo.DemoTest -->
