<?xml version="1.0" encoding="UTF-8"?>
<!-- Generated by org.testng.reporters.JUnitReportReporter -->
<testsuite hostname="bhrath-PC" name="com.checking.com.demoo.Verifying_AddTest" tests="2" failures="0" timestamp="30 Jul 2017 07:40:10 GMT" time="13.580" errors="0">
  <testcase name="lunch_UserUrl" time="6.216" classname="com.checking.com.demoo.Verifying_AddTest"/>
  <testcase name="activation_Add" time="7.364" classname="com.checking.com.demoo.Verifying_AddTest"/>
</testsuite> <!-- com.checking.com.demoo.Verifying_AddTest -->
