<?xml version="1.0" encoding="UTF-8"?>
<!-- Generated by org.testng.reporters.JUnitReportReporter -->
<testsuite hostname="bhrath-PC" name="com.checking.com.demoo.Verifying_Add" tests="2" failures="0" timestamp="28 Jul 2017 07:12:40 GMT" time="28.234" errors="0">
  <testcase name="lunch_UserUrl" time="9.688" classname="com.checking.com.demoo.Verifying_Add"/>
  <testcase name="activation_Add" time="18.546" classname="com.checking.com.demoo.Verifying_Add"/>
</testsuite> <!-- com.checking.com.demoo.Verifying_Add -->
