<?xml version="1.0" encoding="UTF-8"?>
<!-- Generated by org.testng.reporters.JUnitReportReporter -->
<testsuite hostname="bhrath-PC" name="com.checking.com.demoo.Add_creation" tests="2" failures="0" timestamp="28 Jul 2017 07:12:40 GMT" time="9.050" errors="0">
  <testcase name="clickadsLink" time="3.240" classname="com.checking.com.demoo.Add_creation"/>
  <testcase name="enterData" time="5.810" classname="com.checking.com.demoo.Add_creation"/>
</testsuite> <!-- com.checking.com.demoo.Add_creation -->
