<?xml version="1.0" encoding="UTF-8"?>
<!-- Generated by org.testng.reporters.JUnitReportReporter -->
<testsuite hostname="bhrath-PC" name="com.checking.com.demoo.DemoTest" tests="2" failures="0" timestamp="30 Jul 2017 07:49:24 GMT" time="13.491" errors="0">
  <testcase name="login" time="7.062" classname="com.checking.com.demoo.DemoTest"/>
  <testcase name="launch" time="6.429" classname="com.checking.com.demoo.DemoTest"/>
</testsuite> <!-- com.checking.com.demoo.DemoTest -->
