<?xml version="1.0" encoding="UTF-8"?>
<!-- Generated by org.testng.reporters.JUnitReportReporter -->
<testsuite hostname="bhrath-PC" name="com.checking.com.demoo.Add_creationTest" tests="2" failures="0" timestamp="30 Jul 2017 07:49:24 GMT" time="8.627" errors="0">
  <testcase name="enterData" time="6.619" classname="com.checking.com.demoo.Add_creationTest"/>
  <testcase name="clickadsLink" time="2.008" classname="com.checking.com.demoo.Add_creationTest"/>
</testsuite> <!-- com.checking.com.demoo.Add_creationTest -->
