<?xml version="1.0" encoding="UTF-8"?>
<!-- Generated by org.testng.reporters.JUnitReportReporter -->
<testsuite hostname="bhrath-PC" name="com.checking.com.demoo.Verifying_AddTest" tests="2" failures="0" timestamp="30 Jul 2017 07:49:24 GMT" time="16.540" errors="0">
  <testcase name="activation_Add" time="9.139" classname="com.checking.com.demoo.Verifying_AddTest"/>
  <testcase name="lunch_UserUrl" time="7.401" classname="com.checking.com.demoo.Verifying_AddTest"/>
</testsuite> <!-- com.checking.com.demoo.Verifying_AddTest -->
